\BOOKMARK [0][-]{chapter.1}{\376\377\145\160\143\156\176\323\147\204\127\372\170\100}{}% 1
\BOOKMARK [1][-]{section.1.1}{\376\377\176\277\140\047\145\160\143\156\176\323\147\204}{chapter.1}% 2
\BOOKMARK [2][-]{subsection.1.1.1}{\376\377\145\160\176\304}{section.1.1}% 3
\BOOKMARK [2][-]{subsection.1.1.2}{\376\377\224\376\210\150}{section.1.1}% 4
\BOOKMARK [2][-]{subsection.1.1.3}{\376\377\150\010}{section.1.1}% 5
\BOOKMARK [2][-]{subsection.1.1.4}{\376\377\226\037\122\027}{section.1.1}% 6
\BOOKMARK [1][-]{section.1.2}{\376\377\227\136\176\277\140\047\145\160\143\156\176\323\147\204}{chapter.1}% 7
\BOOKMARK [2][-]{subsection.1.2.1}{\376\377\150\021}{section.1.2}% 8
\BOOKMARK [2][-]{subsection.1.2.2}{\376\377\215\363\215\303\210\150}{section.1.2}% 9
\BOOKMARK [2][-]{subsection.1.2.3}{\376\377\126\376}{section.1.2}% 10
\BOOKMARK [2][-]{subsection.1.2.4}{\376\377\145\143\122\027\210\150}{section.1.2}% 11
\BOOKMARK [2][-]{subsection.1.2.5}{\376\377\220\273\143\245\167\351\226\065}{section.1.2}% 12
\BOOKMARK [1][-]{section.1.3}{\376\377\147\345\142\176}{chapter.1}% 13
\BOOKMARK [2][-]{subsection.1.3.1}{\376\377\116\214\122\006\147\345\142\176}{section.1.3}% 14
\BOOKMARK [1][-]{section.1.4}{\376\377\143\222\136\217}{chapter.1}% 15
\BOOKMARK [2][-]{subsection.1.4.1}{\376\377\137\353\220\037\143\222\136\217}{section.1.4}% 16
\BOOKMARK [2][-]{subsection.1.4.2}{\376\377\137\122\136\166\143\222\136\217}{section.1.4}% 17
\BOOKMARK [2][-]{subsection.1.4.3}{\376\377\143\322\121\145\143\222\136\217}{section.1.4}% 18
\BOOKMARK [2][-]{subsection.1.4.4}{\376\377\136\014\134\024\143\222\136\217}{section.1.4}% 19
\BOOKMARK [2][-]{subsection.1.4.5}{\376\377\127\372\145\160\143\222\136\217}{section.1.4}% 20
\BOOKMARK [2][-]{subsection.1.4.6}{\376\377\150\166\143\222\136\217}{section.1.4}% 21
\BOOKMARK [0][-]{chapter.2}{\376\377\173\227\154\325\127\372\147\054\140\035\140\363}{}% 22
\BOOKMARK [1][-]{section.2.1}{\376\377\122\006\154\273\140\035\140\363}{chapter.2}% 23
\BOOKMARK [1][-]{section.2.2}{\376\377\220\022\137\122\140\035\140\363}{chapter.2}% 24
\BOOKMARK [1][-]{section.2.3}{\376\377\126\336\156\257\145\271\154\325}{chapter.2}% 25
\BOOKMARK [1][-]{section.2.4}{\376\377\122\250\140\001\211\304\122\022}{chapter.2}% 26
\BOOKMARK [0][-]{chapter.3}{\376\377\124\310\172\000\173\227\154\325}{}% 27
\BOOKMARK [1][-]{section.3.1}{\376\377\116\073\155\101\124\310\172\000\173\227\154\325}{chapter.3}% 28
\BOOKMARK [2][-]{subsection.3.1.1}{\376\377\000M\000D\0005}{section.3.1}% 29
\BOOKMARK [2][-]{subsection.3.1.2}{\376\377\000S\000H\000A\0002\0005\0006}{section.3.1}% 30
\BOOKMARK [2][-]{subsection.3.1.3}{\376\377\000C\000R\000C\0003\0002}{section.3.1}% 31
\BOOKMARK [1][-]{section.3.2}{\376\377\116\000\201\364\140\047\124\310\172\000\173\227\154\325}{chapter.3}% 32
\BOOKMARK [0][-]{chapter.4}{\376\377\145\160\133\146\117\060\173\227}{}% 33
\BOOKMARK [1][-]{section.4.1}{\376\377\215\071\174\163\117\060\173\227}{chapter.4}% 34
\BOOKMARK [0][-]{chapter.5}{\376\377\116\015\170\156\133\232}{}% 35
